0 info it worked if it ends with ok
1 verbose cli [ '/Users/Johnny/.nvm/versions/node/v4.0.0/bin/node',
1 verbose cli   '/Users/Johnny/.nvm/versions/node/v4.0.0/bin/npm',
1 verbose cli   'run',
1 verbose cli   'start' ]
2 info using npm@2.14.2
3 info using node@v4.0.0
4 verbose config Skipping project config: /Users/Johnny/.npmrc. (matches userconfig)
5 verbose stack Error: ENOENT: no such file or directory, open '/Users/Johnny/package.json'
5 verbose stack     at Error (native)
6 verbose cwd /Users/Johnny/Desktop/repos/my_blog
7 error Darwin 14.4.0
8 error argv "/Users/Johnny/.nvm/versions/node/v4.0.0/bin/node" "/Users/Johnny/.nvm/versions/node/v4.0.0/bin/npm" "run" "start"
9 error node v4.0.0
10 error npm  v2.14.2
11 error path /Users/Johnny/package.json
12 error code ENOENT
13 error errno -2
14 error syscall open
15 error enoent ENOENT: no such file or directory, open '/Users/Johnny/package.json'
15 error enoent This is most likely not a problem with npm itself
15 error enoent and is related to npm not being able to find a file.
16 verbose exit [ -2, true ]
